!SESSION 2024-09-18 11:59:55.815 -----------------------------------------------
eclipse.buildId=4.29.0.20230907-1200
java.version=17.0.8.1
java.vendor=Eclipse Adoptium
BootLoader constants: OS=win32, ARCH=x86_64, WS=win32, NL=es_ES
Framework arguments:  -product org.eclipse.epp.package.jee.product -product org.eclipse.epp.package.jee.product
Command-line arguments:  -os win32 -ws win32 -arch x86_64 -product org.eclipse.epp.package.jee.product -data C:\Users\mario\OneDrive\Desktop\Programas\Tema 0 -product org.eclipse.epp.package.jee.product

!ENTRY org.eclipse.emf.ecore 2 0 2024-09-18 11:59:57.850
!MESSAGE Both 'org.eclipse.jst.j2ee.core' and 'org.eclipse.jst.j2ee.core' register a package for 'application.xmi'

!ENTRY ch.qos.logback.classic 1 0 2024-09-18 11:59:58.040
!MESSAGE Activated before the state location was initialized. Retry after the state location is initialized.

!ENTRY ch.qos.logback.classic 1 0 2024-09-18 11:59:58.718
!MESSAGE Logback config file: C:\Users\mario\OneDrive\Desktop\Programas\Tema 0\.metadata\.plugins\org.eclipse.m2e.logback\logback.2.2.0.20230625-0847.xml

!ENTRY org.eclipse.jface 2 0 2024-09-18 12:00:00.115
!MESSAGE Keybinding conflicts occurred.  They may interfere with normal accelerator operation.
!SUBENTRY 1 org.eclipse.jface 2 0 2024-09-18 12:00:00.116
!MESSAGE A conflict occurred for CTRL+SHIFT+T:
Binding(CTRL+SHIFT+T,
	ParameterizedCommand(Command(org.eclipse.jdt.ui.navigate.open.type,Open Type,
		Open a type in a Java editor,
		Category(org.eclipse.ui.category.navigate,Navigate,null,true),
		WorkbenchHandlerServiceHandler("org.eclipse.jdt.ui.navigate.open.type"),
		,,true),null),
	org.eclipse.ui.defaultAcceleratorConfiguration,
	org.eclipse.ui.contexts.window,,,system)
Binding(CTRL+SHIFT+T,
	ParameterizedCommand(Command(org.eclipse.lsp4e.symbolinworkspace,Go to Symbol in Workspace,
		,
		Category(org.eclipse.lsp4e.category,Language Servers,null,true),
		WorkbenchHandlerServiceHandler("org.eclipse.lsp4e.symbolinworkspace"),
		,,true),null),
	org.eclipse.ui.defaultAcceleratorConfiguration,
	org.eclipse.ui.contexts.window,,,system)

!ENTRY org.eclipse.egit.ui 2 0 2024-09-18 12:00:02.247
!MESSAGE Warning: The environment variable HOME is not set. The following directory will be used to store the Git
user global configuration and to define the default location to store repositories: 'C:\Users\mario'. If this is
not correct please set the HOME environment variable and restart Eclipse. Otherwise Git for Windows and
EGit might behave differently since they see different configuration options.
This warning can be switched off on the Team > Git > Confirmations and Warnings preference page.
!SESSION 2024-09-18 12:00:54.428 -----------------------------------------------
eclipse.buildId=4.29.0.20230907-1200
java.version=17.0.8.1
java.vendor=Eclipse Adoptium
BootLoader constants: OS=win32, ARCH=x86_64, WS=win32, NL=es_ES
Framework arguments:  -product org.eclipse.epp.package.jee.product -product org.eclipse.epp.package.jee.product
Command-line arguments:  -os win32 -ws win32 -arch x86_64 -product org.eclipse.epp.package.jee.product -data C:\Users\mario\OneDrive\Desktop\Programas\Tema 0 -product org.eclipse.epp.package.jee.product

!ENTRY org.eclipse.emf.ecore 2 0 2024-09-18 12:00:55.906
!MESSAGE Both 'org.eclipse.jst.j2ee.core' and 'org.eclipse.jst.j2ee.core' register a package for 'application.xmi'

!ENTRY ch.qos.logback.classic 1 0 2024-09-18 12:00:56.093
!MESSAGE Activated before the state location was initialized. Retry after the state location is initialized.

!ENTRY ch.qos.logback.classic 1 0 2024-09-18 12:00:56.830
!MESSAGE Logback config file: C:\Users\mario\OneDrive\Desktop\Programas\Tema 0\.metadata\.plugins\org.eclipse.m2e.logback\logback.2.2.0.20230625-0847.xml

!ENTRY org.eclipse.jface 2 0 2024-09-18 12:00:58.073
!MESSAGE Keybinding conflicts occurred.  They may interfere with normal accelerator operation.
!SUBENTRY 1 org.eclipse.jface 2 0 2024-09-18 12:00:58.073
!MESSAGE A conflict occurred for CTRL+SHIFT+T:
Binding(CTRL+SHIFT+T,
	ParameterizedCommand(Command(org.eclipse.jdt.ui.navigate.open.type,Open Type,
		Open a type in a Java editor,
		Category(org.eclipse.ui.category.navigate,Navigate,null,true),
		WorkbenchHandlerServiceHandler("org.eclipse.jdt.ui.navigate.open.type"),
		,,true),null),
	org.eclipse.ui.defaultAcceleratorConfiguration,
	org.eclipse.ui.contexts.window,,,system)
Binding(CTRL+SHIFT+T,
	ParameterizedCommand(Command(org.eclipse.lsp4e.symbolinworkspace,Go to Symbol in Workspace,
		,
		Category(org.eclipse.lsp4e.category,Language Servers,null,true),
		WorkbenchHandlerServiceHandler("org.eclipse.lsp4e.symbolinworkspace"),
		,,true),null),
	org.eclipse.ui.defaultAcceleratorConfiguration,
	org.eclipse.ui.contexts.window,,,system)

!ENTRY org.eclipse.egit.ui 2 0 2024-09-18 12:01:00.439
!MESSAGE Warning: The environment variable HOME is not set. The following directory will be used to store the Git
user global configuration and to define the default location to store repositories: 'C:\Users\mario'. If this is
not correct please set the HOME environment variable and restart Eclipse. Otherwise Git for Windows and
EGit might behave differently since they see different configuration options.
This warning can be switched off on the Team > Git > Confirmations and Warnings preference page.
!SESSION 2024-09-19 08:18:29.057 -----------------------------------------------
eclipse.buildId=4.29.0.20230907-1200
java.version=17.0.8.1
java.vendor=Eclipse Adoptium
BootLoader constants: OS=win32, ARCH=x86_64, WS=win32, NL=es_ES
Framework arguments:  -product org.eclipse.epp.package.jee.product
Command-line arguments:  -os win32 -ws win32 -arch x86_64 -product org.eclipse.epp.package.jee.product

!ENTRY org.eclipse.emf.ecore 2 0 2024-09-19 08:19:15.743
!MESSAGE Both 'org.eclipse.jst.j2ee.core' and 'org.eclipse.jst.j2ee.core' register a package for 'application.xmi'

!ENTRY ch.qos.logback.classic 1 0 2024-09-19 08:19:16.098
!MESSAGE Activated before the state location was initialized. Retry after the state location is initialized.

!ENTRY ch.qos.logback.classic 1 0 2024-09-19 08:19:17.856
!MESSAGE Logback config file: C:\Users\mario\OneDrive\Desktop\Programas\Tema 0\.metadata\.plugins\org.eclipse.m2e.logback\logback.2.2.0.20230625-0847.xml

!ENTRY org.eclipse.jface 2 0 2024-09-19 08:19:20.304
!MESSAGE Keybinding conflicts occurred.  They may interfere with normal accelerator operation.
!SUBENTRY 1 org.eclipse.jface 2 0 2024-09-19 08:19:20.304
!MESSAGE A conflict occurred for CTRL+SHIFT+T:
Binding(CTRL+SHIFT+T,
	ParameterizedCommand(Command(org.eclipse.jdt.ui.navigate.open.type,Open Type,
		Open a type in a Java editor,
		Category(org.eclipse.ui.category.navigate,Navigate,null,true),
		WorkbenchHandlerServiceHandler("org.eclipse.jdt.ui.navigate.open.type"),
		,,true),null),
	org.eclipse.ui.defaultAcceleratorConfiguration,
	org.eclipse.ui.contexts.window,,,system)
Binding(CTRL+SHIFT+T,
	ParameterizedCommand(Command(org.eclipse.lsp4e.symbolinworkspace,Go to Symbol in Workspace,
		,
		Category(org.eclipse.lsp4e.category,Language Servers,null,true),
		WorkbenchHandlerServiceHandler("org.eclipse.lsp4e.symbolinworkspace"),
		,,true),null),
	org.eclipse.ui.defaultAcceleratorConfiguration,
	org.eclipse.ui.contexts.window,,,system)

!ENTRY org.eclipse.egit.ui 2 0 2024-09-19 08:19:25.574
!MESSAGE Warning: The environment variable HOME is not set. The following directory will be used to store the Git
user global configuration and to define the default location to store repositories: 'C:\Users\mario'. If this is
not correct please set the HOME environment variable and restart Eclipse. Otherwise Git for Windows and
EGit might behave differently since they see different configuration options.
This warning can be switched off on the Team > Git > Confirmations and Warnings preference page.
!SESSION 2024-09-19 16:58:03.952 -----------------------------------------------
eclipse.buildId=4.33.0.20240905-0613
java.version=21.0.2
java.vendor=Oracle Corporation
BootLoader constants: OS=win32, ARCH=x86_64, WS=win32, NL=es_ES
Framework arguments:  -product org.eclipse.epp.package.jee.product
Command-line arguments:  -os win32 -ws win32 -arch x86_64 -product org.eclipse.epp.package.jee.product

!ENTRY ch.qos.logback.classic 1 0 2024-09-19 16:58:08.104
!MESSAGE Activated before the state location was initialized. Retry after the state location is initialized.

!ENTRY ch.qos.logback.classic 1 0 2024-09-19 16:58:44.441
!MESSAGE Logback config file: C:\Users\mario\OneDrive\Desktop\Programas\Tema 0\.metadata\.plugins\org.eclipse.m2e.logback\logback.2.6.1.20240411-1122.xml

!ENTRY org.eclipse.egit.ui 2 0 2024-09-19 16:58:49.395
!MESSAGE Warning: The environment variable HOME is not set. The following directory will be used to store the Git
user global configuration and to define the default location to store repositories: 'C:\Users\mario'. If this is
not correct please set the HOME environment variable and restart Eclipse. Otherwise Git for Windows and
EGit might behave differently since they see different configuration options.
This warning can be switched off on the Team > Git > Confirmations and Warnings preference page.

!ENTRY org.eclipse.jdt.core 4 4 2024-09-19 16:58:50.777
!MESSAGE Failed to init packages for Classpath jrt file C:\Program Files\eclipse\plugins\org.eclipse.justj.openjdk.hotspot.jre.full.win32.x86_64_17.0.8.v20230831-1047\jre\lib\jrt-fs.jar
!STACK 0
java.nio.file.NoSuchFileException: C:\Program Files\eclipse\plugins\org.eclipse.justj.openjdk.hotspot.jre.full.win32.x86_64_17.0.8.v20230831-1047\jre\release
	at java.base/sun.nio.fs.WindowsException.translateToIOException(WindowsException.java:85)
	at java.base/sun.nio.fs.WindowsException.rethrowAsIOException(WindowsException.java:103)
	at java.base/sun.nio.fs.WindowsException.rethrowAsIOException(WindowsException.java:108)
	at java.base/sun.nio.fs.WindowsFileSystemProvider.newByteChannel(WindowsFileSystemProvider.java:234)
	at java.base/java.nio.file.Files.newByteChannel(Files.java:379)
	at java.base/java.nio.file.Files.newByteChannel(Files.java:431)
	at java.base/java.nio.file.spi.FileSystemProvider.newInputStream(FileSystemProvider.java:420)
	at java.base/java.nio.file.Files.newInputStream(Files.java:159)
	at org.eclipse.jdt.internal.compiler.util.Jdk.readJdkReleaseFile(JRTUtil.java:491)
	at org.eclipse.jdt.internal.compiler.util.Jdk.lambda$0(JRTUtil.java:445)
	at java.base/java.util.concurrent.ConcurrentHashMap.computeIfAbsent(ConcurrentHashMap.java:1708)
	at org.eclipse.jdt.internal.compiler.util.Jdk.<init>(JRTUtil.java:443)
	at org.eclipse.jdt.internal.compiler.util.JRTUtil.getJrtSystem(JRTUtil.java:122)
	at org.eclipse.jdt.internal.compiler.util.JRTUtil.walkModuleImage(JRTUtil.java:239)
	at org.eclipse.jdt.internal.core.builder.ClasspathJrt.lambda$1(ClasspathJrt.java:133)
	at java.base/java.util.concurrent.ConcurrentHashMap.computeIfAbsent(ConcurrentHashMap.java:1708)
	at org.eclipse.jdt.internal.core.builder.ClasspathJrt.loadModules(ClasspathJrt.java:129)
	at org.eclipse.jdt.internal.core.builder.ClasspathJrt.<init>(ClasspathJrt.java:67)
	at org.eclipse.jdt.internal.core.builder.ClasspathLocation.forJrtSystem(ClasspathLocation.java:177)
	at org.eclipse.jdt.internal.core.builder.State.readBinaryLocations(State.java:426)
	at org.eclipse.jdt.internal.core.builder.State.read(State.java:312)
	at org.eclipse.jdt.internal.core.builder.JavaBuilder.readState(JavaBuilder.java:163)
	at org.eclipse.jdt.internal.core.JavaModelManager.readStateTimed(JavaModelManager.java:4216)
	at org.eclipse.jdt.internal.core.JavaModelManager.readState(JavaModelManager.java:4197)
	at org.eclipse.jdt.internal.core.JavaModelManager.getLastBuiltState(JavaModelManager.java:2378)
	at org.eclipse.jdt.internal.core.builder.JavaBuilder.getLastState(JavaBuilder.java:472)
	at org.eclipse.jdt.internal.core.builder.JavaBuilder.build(JavaBuilder.java:194)
	at org.eclipse.core.internal.events.BuildManager$2.run(BuildManager.java:1077)
	at org.eclipse.core.runtime.SafeRunner.run(SafeRunner.java:47)
	at org.eclipse.core.internal.events.BuildManager.basicBuild(BuildManager.java:296)
	at org.eclipse.core.internal.events.BuildManager.basicBuild(BuildManager.java:352)
	at org.eclipse.core.internal.events.BuildManager$1.run(BuildManager.java:441)
	at org.eclipse.core.runtime.SafeRunner.run(SafeRunner.java:47)
	at org.eclipse.core.internal.events.BuildManager.basicBuild(BuildManager.java:444)
	at org.eclipse.core.internal.events.BuildManager.basicBuildLoop(BuildManager.java:555)
	at org.eclipse.core.internal.events.BuildManager.basicBuildLoop(BuildManager.java:503)
	at org.eclipse.core.internal.events.BuildManager.build(BuildManager.java:585)
	at org.eclipse.core.internal.events.AutoBuildJob.doBuild(AutoBuildJob.java:207)
	at org.eclipse.core.internal.events.AutoBuildJob.run(AutoBuildJob.java:300)
	at org.eclipse.core.internal.jobs.Worker.run(Worker.java:63)

!ENTRY org.eclipse.jdt.core 4 4 2024-09-19 16:58:50.779
!MESSAGE Failed to init packages for Classpath jrt file C:\Program Files\eclipse\plugins\org.eclipse.justj.openjdk.hotspot.jre.full.win32.x86_64_17.0.8.v20230831-1047\jre\lib\jrt-fs.jar
!STACK 0
java.nio.file.NoSuchFileException: C:\Program Files\eclipse\plugins\org.eclipse.justj.openjdk.hotspot.jre.full.win32.x86_64_17.0.8.v20230831-1047\jre\release
	at java.base/sun.nio.fs.WindowsException.translateToIOException(WindowsException.java:85)
	at java.base/sun.nio.fs.WindowsException.rethrowAsIOException(WindowsException.java:103)
	at java.base/sun.nio.fs.WindowsException.rethrowAsIOException(WindowsException.java:108)
	at java.base/sun.nio.fs.WindowsFileSystemProvider.newByteChannel(WindowsFileSystemProvider.java:234)
	at java.base/java.nio.file.Files.newByteChannel(Files.java:379)
	at java.base/java.nio.file.Files.newByteChannel(Files.java:431)
	at java.base/java.nio.file.spi.FileSystemProvider.newInputStream(FileSystemProvider.java:420)
	at java.base/java.nio.file.Files.newInputStream(Files.java:159)
	at org.eclipse.jdt.internal.compiler.util.Jdk.readJdkReleaseFile(JRTUtil.java:491)
	at org.eclipse.jdt.internal.compiler.util.Jdk.lambda$0(JRTUtil.java:445)
	at java.base/java.util.concurrent.ConcurrentHashMap.computeIfAbsent(ConcurrentHashMap.java:1708)
	at org.eclipse.jdt.internal.compiler.util.Jdk.<init>(JRTUtil.java:443)
	at org.eclipse.jdt.internal.compiler.util.JRTUtil.getJrtSystem(JRTUtil.java:122)
	at org.eclipse.jdt.internal.compiler.util.JRTUtil.walkModuleImage(JRTUtil.java:239)
	at org.eclipse.jdt.internal.core.builder.ClasspathJrt.lambda$1(ClasspathJrt.java:133)
	at java.base/java.util.concurrent.ConcurrentHashMap.computeIfAbsent(ConcurrentHashMap.java:1708)
	at org.eclipse.jdt.internal.core.builder.ClasspathJrt.loadModules(ClasspathJrt.java:129)
	at org.eclipse.jdt.internal.core.builder.ClasspathJrt.<init>(ClasspathJrt.java:67)
	at org.eclipse.jdt.internal.core.builder.ClasspathLocation.forJrtSystem(ClasspathLocation.java:177)
	at org.eclipse.jdt.internal.core.builder.State.readBinaryLocations(State.java:426)
	at org.eclipse.jdt.internal.core.builder.State.read(State.java:315)
	at org.eclipse.jdt.internal.core.builder.JavaBuilder.readState(JavaBuilder.java:163)
	at org.eclipse.jdt.internal.core.JavaModelManager.readStateTimed(JavaModelManager.java:4216)
	at org.eclipse.jdt.internal.core.JavaModelManager.readState(JavaModelManager.java:4197)
	at org.eclipse.jdt.internal.core.JavaModelManager.getLastBuiltState(JavaModelManager.java:2378)
	at org.eclipse.jdt.internal.core.builder.JavaBuilder.getLastState(JavaBuilder.java:472)
	at org.eclipse.jdt.internal.core.builder.JavaBuilder.build(JavaBuilder.java:194)
	at org.eclipse.core.internal.events.BuildManager$2.run(BuildManager.java:1077)
	at org.eclipse.core.runtime.SafeRunner.run(SafeRunner.java:47)
	at org.eclipse.core.internal.events.BuildManager.basicBuild(BuildManager.java:296)
	at org.eclipse.core.internal.events.BuildManager.basicBuild(BuildManager.java:352)
	at org.eclipse.core.internal.events.BuildManager$1.run(BuildManager.java:441)
	at org.eclipse.core.runtime.SafeRunner.run(SafeRunner.java:47)
	at org.eclipse.core.internal.events.BuildManager.basicBuild(BuildManager.java:444)
	at org.eclipse.core.internal.events.BuildManager.basicBuildLoop(BuildManager.java:555)
	at org.eclipse.core.internal.events.BuildManager.basicBuildLoop(BuildManager.java:503)
	at org.eclipse.core.internal.events.BuildManager.build(BuildManager.java:585)
	at org.eclipse.core.internal.events.AutoBuildJob.doBuild(AutoBuildJob.java:207)
	at org.eclipse.core.internal.events.AutoBuildJob.run(AutoBuildJob.java:300)
	at org.eclipse.core.internal.jobs.Worker.run(Worker.java:63)
!SESSION 2024-09-19 17:01:31.796 -----------------------------------------------
eclipse.buildId=4.33.0.20240905-0613
java.version=21.0.2
java.vendor=Oracle Corporation
BootLoader constants: OS=win32, ARCH=x86_64, WS=win32, NL=es_ES
Framework arguments:  -product org.eclipse.epp.package.jee.product
Command-line arguments:  -os win32 -ws win32 -arch x86_64 -product org.eclipse.epp.package.jee.product

!ENTRY ch.qos.logback.classic 1 0 2024-09-19 17:01:34.651
!MESSAGE Activated before the state location was initialized. Retry after the state location is initialized.

!ENTRY ch.qos.logback.classic 1 0 2024-09-19 17:01:41.146
!MESSAGE Logback config file: C:\Users\mario\OneDrive\Desktop\Programas\Tema 0\.metadata\.plugins\org.eclipse.m2e.logback\logback.2.6.1.20240411-1122.xml

!ENTRY org.eclipse.egit.ui 2 0 2024-09-19 17:01:45.809
!MESSAGE Warning: The environment variable HOME is not set. The following directory will be used to store the Git
user global configuration and to define the default location to store repositories: 'C:\Users\mario'. If this is
not correct please set the HOME environment variable and restart Eclipse. Otherwise Git for Windows and
EGit might behave differently since they see different configuration options.
This warning can be switched off on the Team > Git > Confirmations and Warnings preference page.
!SESSION 2024-09-23 08:22:30.553 -----------------------------------------------
eclipse.buildId=4.33.0.20240905-0613
java.version=21.0.2
java.vendor=Oracle Corporation
BootLoader constants: OS=win32, ARCH=x86_64, WS=win32, NL=es_ES
Framework arguments:  -product org.eclipse.epp.package.jee.product
Command-line arguments:  -os win32 -ws win32 -arch x86_64 -product org.eclipse.epp.package.jee.product

!ENTRY ch.qos.logback.classic 1 0 2024-09-23 08:22:38.444
!MESSAGE Activated before the state location was initialized. Retry after the state location is initialized.

!ENTRY ch.qos.logback.classic 1 0 2024-09-23 08:22:50.685
!MESSAGE Logback config file: C:\Users\mario\OneDrive\Desktop\Programas\Tema 0\.metadata\.plugins\org.eclipse.m2e.logback\logback.2.6.1.20240411-1122.xml

!ENTRY org.eclipse.egit.ui 2 0 2024-09-23 08:22:57.347
!MESSAGE Warning: The environment variable HOME is not set. The following directory will be used to store the Git
user global configuration and to define the default location to store repositories: 'C:\Users\mario'. If this is
not correct please set the HOME environment variable and restart Eclipse. Otherwise Git for Windows and
EGit might behave differently since they see different configuration options.
This warning can be switched off on the Team > Git > Confirmations and Warnings preference page.
